INFO:root:2019-10-17 10:40:45.486133: Created log file
INFO:root:TensorFlow version: 1.14.0
INFO:root:2019-10-17 10:40:45.487788: DRY_RUN is True: running on a small subset of data for debugging purposes
INFO:root:Click coverage of top 100 most popular products: 0.1
INFO:root:data_encoded_test rows: 216
INFO:root:data_encoded_eval rows: 86
INFO:root:data_encoded_train rows: 776
INFO:root:Starting data tabulations
INFO:root:2019-10-17 10:41:13.732653: Created log file
INFO:root:TensorFlow version: 1.14.0
INFO:root:2019-10-17 10:41:13.734182: DRY_RUN is True: running on a small subset of data for debugging purposes
INFO:root:Click coverage of top 100 most popular products: 0.1
INFO:root:data_encoded_test rows: 216
INFO:root:data_encoded_eval rows: 86
INFO:root:data_encoded_train rows: 776
INFO:root:Starting data tabulations
INFO:root:------- data training: Tabulated
INFO:root:Shape of dset_X_train: (1512, 4, 100)
INFO:root:------- data evaluation: Tabulated
INFO:root:Shape of dset_X_eval: (142, 4, 100)
INFO:root:------- data test: Tabulated
INFO:root:Shape of dset_X_test: (430, 4, 100)
INFO:root:Defining Network
INFO:root:Available processing units in machine: ['/device:CPU:0']
WARNING:tensorflow:
The TensorFlow contrib module will not be included in TensorFlow 2.0.
For more information, please see:
  * https://github.com/tensorflow/community/blob/master/rfcs/20180907-contrib-sunset.md
  * https://github.com/tensorflow/addons
  * https://github.com/tensorflow/io (for I/O related ops)
If you depend on functionality not listed there, please file an issue.

WARNING:tensorflow:From <ipython-input-1-c10766ad66d5>:592: GRUCell.__init__ (from tensorflow.python.ops.rnn_cell_impl) is deprecated and will be removed in a future version.
Instructions for updating:
This class is equivalent as tf.keras.layers.GRUCell, and will be replaced by that in Tensorflow 2.0.
WARNING:tensorflow:From <ipython-input-1-c10766ad66d5>:595: dynamic_rnn (from tensorflow.python.ops.rnn) is deprecated and will be removed in a future version.
Instructions for updating:
Please use `keras.layers.RNN(cell)`, which is equivalent to this API
WARNING:tensorflow:From /usr/local/lib/python3.6/site-packages/tensorflow/python/ops/init_ops.py:1251: calling VarianceScaling.__init__ (from tensorflow.python.ops.init_ops) with dtype is deprecated and will be removed in a future version.
Instructions for updating:
Call initializer instance with the dtype argument instead of passing it to the constructor
WARNING:tensorflow:From /usr/local/lib/python3.6/site-packages/tensorflow/python/ops/rnn_cell_impl.py:564: calling Constant.__init__ (from tensorflow.python.ops.init_ops) with dtype is deprecated and will be removed in a future version.
Instructions for updating:
Call initializer instance with the dtype argument instead of passing it to the constructor
WARNING:tensorflow:From /usr/local/lib/python3.6/site-packages/tensorflow/python/ops/rnn_cell_impl.py:574: calling Zeros.__init__ (from tensorflow.python.ops.init_ops) with dtype is deprecated and will be removed in a future version.
Instructions for updating:
Call initializer instance with the dtype argument instead of passing it to the constructor
WARNING:tensorflow:From /usr/local/lib/python3.6/site-packages/tensorflow/python/training/rmsprop.py:119: calling Ones.__init__ (from tensorflow.python.ops.init_ops) with dtype is deprecated and will be removed in a future version.
Instructions for updating:
Call initializer instance with the dtype argument instead of passing it to the constructor
INFO:root:Total batches: 7
INFO:root:Starting TensorFlow training session at 2019-10-17 10:41:16.957945
INFO:root:Finished training at 2019-10-17 10:42:33.141179 taking 1.1194814840952556 minutes
INFO:root:Test set MAP@5: 0.00298333
INFO:root:Coverage of recommended products (vs TOP_POPULAR_PRODUCTS): 0.99
INFO:root:2019-10-17 10:50:29.637120: Created log file
INFO:root:TensorFlow version: 1.14.0
INFO:root:2019-10-17 10:50:29.640458: DRY_RUN is True: running on a small subset of data for debugging purposes
INFO:root:Click coverage of top 100 most popular products: 0.1
INFO:root:data_encoded_test rows: 216
INFO:root:data_encoded_eval rows: 86
INFO:root:data_encoded_train rows: 776
INFO:root:Starting data tabulations
INFO:root:2019-10-17 10:51:42.109969: Created log file
INFO:root:TensorFlow version: 1.14.0
INFO:root:2019-10-17 10:51:42.114656: DRY_RUN is True: running on a small subset of data for debugging purposes
INFO:root:Click coverage of top 100 most popular products: 0.1
INFO:root:data_encoded_test rows: 216
INFO:root:data_encoded_eval rows: 86
INFO:root:data_encoded_train rows: 776
INFO:root:Starting data tabulations
INFO:root:------- data training: Tabulated
INFO:root:Shape of dset_X_train: (1512, 4, 100)
INFO:root:------- data evaluation: Tabulated
INFO:root:Shape of dset_X_eval: (142, 4, 100)
INFO:root:------- data test: Tabulated
INFO:root:Shape of dset_X_test: (430, 4, 100)
INFO:root:Defining Network
INFO:root:Available processing units in machine: ['/device:CPU:0']
WARNING:tensorflow:From <ipython-input-5-77dd48f521c2>:585: MultiRNNCell.__init__ (from tensorflow.python.ops.rnn_cell_impl) is deprecated and will be removed in a future version.
Instructions for updating:
This class is equivalent as tf.keras.layers.StackedRNNCells, and will be replaced by that in Tensorflow 2.0.
